-------------------------------------------------------------------------------
Test set: Exercise2_VerifyingInteractionsTest
-------------------------------------------------------------------------------
Tests run: 1, Failures: 0, Errors: 1, Skipped: 0, Time elapsed: 0.116 s <<< FAILURE! -- in Exercise2_VerifyingInteractionsTest
Exercise2_VerifyingInteractionsTest.testVerifyInteraction -- Time elapsed: 0.115 s <<< ERROR!
java.lang.Error: 
Unresolved compilation problem: 
	The declared package "Mockito_Exercises.src.main.java" does not match the expected package ""

	at MyService.<init>(MyService.java:1)
	at Exercise2_VerifyingInteractionsTest.testVerifyInteraction(Exercise2_VerifyingInteractionsTest.java:19)
	at java.base/java.lang.reflect.Method.invoke(Method.java:580)
	at java.base/java.util.ArrayList.forEach(ArrayList.java:1596)
	at java.base/java.util.ArrayList.forEach(ArrayList.java:1596)

